"E:\CLion 2019.1.4\bin\cmake\win\bin\cmake.exe" -DCMAKE_BUILD_TYPE=Debug -G "CodeBlocks - MinGW Makefiles" "D:\14 - Projects\Notebook\5.手撕代码\KMP"
-- The C compiler identification is GNU 8.2.0
-- The CXX compiler identification is GNU 8.2.0
-- Check for working C compiler: E:/MinGW/bin/gcc.exe
-- Check for working C compiler: E:/MinGW/bin/gcc.exe -- broken
CMake Error at E:/CLion 2019.1.4/bin/cmake/win/share/cmake-3.14/Modules/CMakeTestCCompiler.cmake:60 (message):
  The C compiler

    "E:/MinGW/bin/gcc.exe"

  is not able to compile a simple test program.

  It fails with the following output:

    Change Dir: D:/14 - Projects/Notebook/5.鎵嬫挄浠ｇ爜/KMP/cmake-build-debug/CMakeFiles/CMakeTmp
    
    Run Build Command(s):E:/MinGW/bin/mingw32-make.exe cmTC_ee48b/fast 
    E:/MinGW/bin/mingw32-make.exe -f CMakeFiles\cmTC_ee48b.dir\build.make CMakeFiles/cmTC_ee48b.dir/build
    mingw32-make.exe[1]: Entering directory 'D:/14 - Projects/Notebook/5.鎵嬫挄浠ｇ爜/KMP/cmake-build-debug/CMakeFiles/CMakeTmp'
    Building C object CMakeFiles/cmTC_ee48b.dir/testCCompiler.c.obj
    E:\MinGW\bin\gcc.exe    -o CMakeFiles\cmTC_ee48b.dir\testCCompiler.c.obj   -c "D:\14 - Projects\Notebook\5.閹靛鎸勬禒锝囩垳\KMP\cmake-build-debug\CMakeFiles\CMakeTmp\testCCompiler.c"
    gcc.exe: error: D:\14 - Projects\Notebook\5.閹靛鎸勬禒锝囩垳\KMP\cmake-build-debug\CMakeFiles\CMakeTmp\testCCompiler.c: No such file or directory
    gcc.exe: fatal error: no input files
    compilation terminated.
    CMakeFiles\cmTC_ee48b.dir\build.make:64: recipe for target 'CMakeFiles/cmTC_ee48b.dir/testCCompiler.c.obj' failed
    mingw32-make.exe[1]: *** [CMakeFiles/cmTC_ee48b.dir/testCCompiler.c.obj] Error 1
    mingw32-make.exe[1]: Leaving directory 'D:/14 - Projects/Notebook/5.鎵嬫挄浠ｇ爜/KMP/cmake-build-debug/CMakeFiles/CMakeTmp'
    Makefile:120: recipe for target 'cmTC_ee48b/fast' failed
    mingw32-make.exe: *** [cmTC_ee48b/fast] Error 2
    

  

  CMake will not be able to correctly generate this project.
Call Stack (most recent call first):
  CMakeLists.txt:3 (project)


-- Configuring incomplete, errors occurred!
See also "D:/14 - Projects/Notebook/5.鎵嬫挄浠ｇ爜/KMP/cmake-build-debug/CMakeFiles/CMakeOutput.log".
See also "D:/14 - Projects/Notebook/5.鎵嬫挄浠ｇ爜/KMP/cmake-build-debug/CMakeFiles/CMakeError.log".
